  AI.cpp
C:\Users\LukeR\OneDrive\Documents\GitHub\Battle-Ships\Battle Ships\Output.h(25,2): warning C4091: 'static ': ignored on left of 'Output' when no variable is declared
C:\Users\LukeR\OneDrive\Documents\GitHub\Battle-Ships\Battle Ships\Input.h(38,2): warning C4091: 'static ': ignored on left of 'Input' when no variable is declared
  Agent.cpp
C:\Users\LukeR\OneDrive\Documents\GitHub\Battle-Ships\Battle Ships\Output.h(25,2): warning C4091: 'static ': ignored on left of 'Output' when no variable is declared
C:\Users\LukeR\OneDrive\Documents\GitHub\Battle-Ships\Battle Ships\Input.h(38,2): warning C4091: 'static ': ignored on left of 'Input' when no variable is declared
  Battle Ships.cpp
C:\Users\LukeR\OneDrive\Documents\GitHub\Battle-Ships\Battle Ships\Output.h(25,2): warning C4091: 'static ': ignored on left of 'Output' when no variable is declared
C:\Users\LukeR\OneDrive\Documents\GitHub\Battle-Ships\Battle Ships\Input.h(38,2): warning C4091: 'static ': ignored on left of 'Input' when no variable is declared
C:\Users\LukeR\OneDrive\Documents\GitHub\Battle-Ships\Battle Ships\Battle Ships.cpp(25,22): warning C4244: 'argument': conversion from 'time_t' to 'unsigned int', possible loss of data
  Fleet.cpp
  Grid.cpp
C:\Users\LukeR\OneDrive\Documents\GitHub\Battle-Ships\Battle Ships\Output.h(25,2): warning C4091: 'static ': ignored on left of 'Output' when no variable is declared
C:\Users\LukeR\OneDrive\Documents\GitHub\Battle-Ships\Battle Ships\Input.h(38,2): warning C4091: 'static ': ignored on left of 'Input' when no variable is declared
  Player.cpp
C:\Users\LukeR\OneDrive\Documents\GitHub\Battle-Ships\Battle Ships\Output.h(25,2): warning C4091: 'static ': ignored on left of 'Output' when no variable is declared
C:\Users\LukeR\OneDrive\Documents\GitHub\Battle-Ships\Battle Ships\Input.h(38,2): warning C4091: 'static ': ignored on left of 'Input' when no variable is declared
  Ship.cpp
C:\Users\LukeR\OneDrive\Documents\GitHub\Battle-Ships\Battle Ships\Ship.cpp(49,23): warning C4018: '<': signed/unsigned mismatch
C:\Users\LukeR\OneDrive\Documents\GitHub\Battle-Ships\Battle Ships\Ship.cpp(61,23): warning C4018: '<': signed/unsigned mismatch
  Generating Code...
  Battle Ships.vcxproj -> C:\Users\LukeR\OneDrive\Documents\GitHub\Battle-Ships\Battle Ships\Debug\Battle Ships.exe
